# JRE version: OpenJDK Runtime Environment (11.0.12+7) (build 11.0.12+7-b1504.28-7817840)
# Java VM: OpenJDK 64-Bit Server VM (11.0.12+7-b1504.28-7817840, mixed mode, tiered, compressed oops, g1 gc, windows-amd64)
Heap:
 garbage-first heap   total 262144K, used 189858K [0x00000000e0000000, 0x0000000100000000)
  region size 1024K, 33 young (33792K), 7 survivors (7168K)
 Metaspace       used 143668K, capacity 147068K, committed 147180K, reserved 382976K
  class space    used 17590K, capacity 18881K, committed 18924K, reserved 253952K
GC Heap History (20 events):
Event: 2343.732 GC heap after
{Heap after GC invocations=40 (full 0):
 garbage-first heap   total 262144K, used 141754K [0x00000000e0000000, 0x0000000100000000)
  region size 1024K, 2 young (2048K), 2 survivors (2048K)
 Metaspace       used 137034K, capacity 140251K, committed 140396K, reserved 376832K
  class space    used 16783K, capacity 18000K, committed 18028K, reserved 253952K
}
Event: 2344.069 GC heap before
{Heap before GC invocations=40 (full 0):
 garbage-first heap   total 262144K, used 212410K [0x00000000e0000000, 0x0000000100000000)
  region size 1024K, 72 young (73728K), 2 survivors (2048K)
 Metaspace       used 139790K, capacity 143158K, committed 143340K, reserved 378880K
  class space    used 17284K, capacity 18542K, committed 18668K, reserved 253952K
}
Event: 2344.088 GC heap after
{Heap after GC invocations=41 (full 0):
 garbage-first heap   total 262144K, used 151786K [0x00000000e0000000, 0x0000000100000000)
  region size 1024K, 9 young (9216K), 9 survivors (9216K)
 Metaspace       used 139790K, capacity 143158K, committed 143340K, reserved 378880K
  class space    used 17284K, capacity 18542K, committed 18668K, reserved 253952K
}
Event: 2344.717 GC heap before
{Heap before GC invocations=42 (full 0):
 garbage-first heap   total 262144K, used 213226K [0x00000000e0000000, 0x0000000100000000)
  region size 1024K, 70 young (71680K), 9 survivors (9216K)
 Metaspace       used 141409K, capacity 144655K, committed 145260K, reserved 380928K
  class space    used 17378K, capacity 18579K, committed 18796K, reserved 253952K
}
Event: 2344.729 GC heap after
{Heap after GC invocations=43 (full 0):
 garbage-first heap   total 262144K, used 153633K [0x00000000e0000000, 0x0000000100000000)
  region size 1024K, 2 young (2048K), 2 survivors (2048K)
 Metaspace       used 141409K, capacity 144655K, committed 145260K, reserved 380928K
  class space    used 17378K, capacity 18579K, committed 18796K, reserved 253952K
}
Event: 2344.782 GC heap before
{Heap before GC invocations=43 (full 0):
 garbage-first heap   total 262144K, used 162849K [0x00000000e0000000, 0x0000000100000000)
  region size 1024K, 12 young (12288K), 2 survivors (2048K)
 Metaspace       used 141725K, capacity 144997K, committed 145516K, reserved 380928K
  class space    used 17413K, capacity 18628K, committed 18796K, reserved 253952K
}
Event: 2344.787 GC heap after
{Heap after GC invocations=44 (full 0):
 garbage-first heap   total 262144K, used 152831K [0x00000000e0000000, 0x0000000100000000)
  region size 1024K, 2 young (2048K), 2 survivors (2048K)
 Metaspace       used 141725K, capacity 144997K, committed 145516K, reserved 380928K
  class space    used 17413K, capacity 18628K, committed 18796K, reserved 253952K
}
Event: 2345.078 GC heap before
{Heap before GC invocations=44 (full 0):
 garbage-first heap   total 262144K, used 215295K [0x00000000e0000000, 0x0000000100000000)
  region size 1024K, 63 young (64512K), 2 survivors (2048K)
 Metaspace       used 142623K, capacity 145965K, committed 146156K, reserved 382976K
  class space    used 17532K, capacity 18785K, committed 18924K, reserved 253952K
}
Event: 2345.082 GC heap after
{Heap after GC invocations=45 (full 0):
 garbage-first heap   total 262144K, used 153433K [0x00000000e0000000, 0x0000000100000000)
  region size 1024K, 2 young (2048K), 2 survivors (2048K)
 Metaspace       used 142623K, capacity 145965K, committed 146156K, reserved 382976K
  class space    used 17532K, capacity 18785K, committed 18924K, reserved 253952K
}
Event: 2345.348 GC heap before
{Heap before GC invocations=45 (full 0):
 garbage-first heap   total 262144K, used 216921K [0x00000000e0000000, 0x0000000100000000)
  region size 1024K, 65 young (66560K), 2 survivors (2048K)
 Metaspace       used 143042K, capacity 146402K, committed 146668K, reserved 382976K
  class space    used 17578K, capacity 18863K, committed 18924K, reserved 253952K
}
Event: 2345.353 GC heap after
{Heap after GC invocations=46 (full 0):
 garbage-first heap   total 262144K, used 155792K [0x00000000e0000000, 0x0000000100000000)
  region size 1024K, 4 young (4096K), 4 survivors (4096K)
 Metaspace       used 143042K, capacity 146402K, committed 146668K, reserved 382976K
  class space    used 17578K, capacity 18863K, committed 18924K, reserved 253952K
}
Event: 2345.524 GC heap before
{Heap before GC invocations=46 (full 0):
 garbage-first heap   total 262144K, used 219280K [0x00000000e0000000, 0x0000000100000000)
  region size 1024K, 67 young (68608K), 4 survivors (4096K)
 Metaspace       used 143127K, capacity 146540K, committed 146668K, reserved 382976K
  class space    used 17580K, capacity 18866K, committed 18924K, reserved 253952K
}
Event: 2345.531 GC heap after
{Heap after GC invocations=47 (full 0):
 garbage-first heap   total 262144K, used 159124K [0x00000000e0000000, 0x0000000100000000)
  region size 1024K, 8 young (8192K), 8 survivors (8192K)
 Metaspace       used 143127K, capacity 146540K, committed 146668K, reserved 382976K
  class space    used 17580K, capacity 18866K, committed 18924K, reserved 253952K
}
Event: 2345.719 GC heap before
{Heap before GC invocations=47 (full 0):
 garbage-first heap   total 262144K, used 221588K [0x00000000e0000000, 0x0000000100000000)
  region size 1024K, 69 young (70656K), 8 survivors (8192K)
 Metaspace       used 143247K, capacity 146694K, committed 146924K, reserved 382976K
  class space    used 17584K, capacity 18871K, committed 18924K, reserved 253952K
}
Event: 2345.729 GC heap after
{Heap after GC invocations=48 (full 0):
 garbage-first heap   total 262144K, used 159488K [0x00000000e0000000, 0x0000000100000000)
  region size 1024K, 5 young (5120K), 5 survivors (5120K)
 Metaspace       used 143247K, capacity 146694K, committed 146924K, reserved 382976K
  class space    used 17584K, capacity 18871K, committed 18924K, reserved 253952K
}
Event: 2345.880 GC heap before
{Heap before GC invocations=48 (full 0):
 garbage-first heap   total 262144K, used 221952K [0x00000000e0000000, 0x0000000100000000)
  region size 1024K, 67 young (68608K), 5 survivors (5120K)
 Metaspace       used 143383K, capacity 146800K, committed 146924K, reserved 382976K
  class space    used 17590K, capacity 18881K, committed 18924K, reserved 253952K
}
Event: 2345.886 GC heap after
{Heap after GC invocations=49 (full 0):
 garbage-first heap   total 262144K, used 162379K [0x00000000e0000000, 0x0000000100000000)
  region size 1024K, 8 young (8192K), 8 survivors (8192K)
 Metaspace       used 143383K, capacity 146800K, committed 146924K, reserved 382976K
  class space    used 17590K, capacity 18881K, committed 18924K, reserved 253952K
}
Event: 2346.068 GC heap before
{Heap before GC invocations=49 (full 0):
 garbage-first heap   total 262144K, used 223819K [0x00000000e0000000, 0x0000000100000000)
  region size 1024K, 68 young (69632K), 8 survivors (8192K)
 Metaspace       used 143499K, capacity 146931K, committed 147180K, reserved 382976K
  class space    used 17590K, capacity 18881K, committed 18924K, reserved 253952K
}
Event: 2346.075 GC heap after
{Heap after GC invocations=50 (full 0):
 garbage-first heap   total 262144K, used 162571K [0x00000000e0000000, 0x0000000100000000)
  region size 1024K, 5 young (5120K), 5 survivors (5120K)
 Metaspace       used 143499K, capacity 146931K, committed 147180K, reserved 382976K
  class space    used 17590K, capacity 18881K, committed 18924K, reserved 253952K
}
Event: 2346.222 GC heap before
{Heap before GC invocations=50 (full 0):
 garbage-first heap   total 262144K, used 225035K [0x00000000e0000000, 0x0000000100000000)
  region size 1024K, 66 young (67584K), 5 survivors (5120K)
 Metaspace       used 143579K, capacity 147001K, committed 147180K, reserved 382976K
  class space    used 17590K, capacity 18881K, committed 18924K, reserved 253952K
}

